mode: set
github.com/Ulbora/dcIntegration/delegates/dcFileDelegate.go:43.107,55.31 10 1
github.com/Ulbora/dcIntegration/delegates/dcFileDelegate.go:55.31,58.36 1 1
github.com/Ulbora/dcIntegration/delegates/dcFileDelegate.go:58.36,71.4 7 1
github.com/Ulbora/dcIntegration/delegates/dcFileDelegate.go:79.72,85.34 5 1
github.com/Ulbora/dcIntegration/delegates/dcFileDelegate.go:195.2,195.13 1 1
github.com/Ulbora/dcIntegration/delegates/dcFileDelegate.go:85.34,86.13 1 1
github.com/Ulbora/dcIntegration/delegates/dcFileDelegate.go:86.13,90.4 1 1
github.com/Ulbora/dcIntegration/delegates/dcFileDelegate.go:90.9,93.30 2 1
github.com/Ulbora/dcIntegration/delegates/dcFileDelegate.go:103.4,107.33 4 1
github.com/Ulbora/dcIntegration/delegates/dcFileDelegate.go:182.4,182.16 1 1
github.com/Ulbora/dcIntegration/delegates/dcFileDelegate.go:185.4,185.27 1 1
github.com/Ulbora/dcIntegration/delegates/dcFileDelegate.go:93.30,102.5 1 1
github.com/Ulbora/dcIntegration/delegates/dcFileDelegate.go:107.33,109.18 1 1
github.com/Ulbora/dcIntegration/delegates/dcFileDelegate.go:109.18,110.14 1 1
github.com/Ulbora/dcIntegration/delegates/dcFileDelegate.go:111.11,115.27 2 1
github.com/Ulbora/dcIntegration/delegates/dcFileDelegate.go:115.27,119.33 2 1
github.com/Ulbora/dcIntegration/delegates/dcFileDelegate.go:143.7,143.33 1 1
github.com/Ulbora/dcIntegration/delegates/dcFileDelegate.go:155.7,155.37 1 1
github.com/Ulbora/dcIntegration/delegates/dcFileDelegate.go:119.33,120.37 1 1
github.com/Ulbora/dcIntegration/delegates/dcFileDelegate.go:120.37,126.66 4 1
github.com/Ulbora/dcIntegration/delegates/dcFileDelegate.go:126.66,128.74 1 1
github.com/Ulbora/dcIntegration/delegates/dcFileDelegate.go:128.74,129.69 1 1
github.com/Ulbora/dcIntegration/delegates/dcFileDelegate.go:129.69,133.29 2 1
github.com/Ulbora/dcIntegration/delegates/dcFileDelegate.go:133.29,135.13 1 1
github.com/Ulbora/dcIntegration/delegates/dcFileDelegate.go:143.33,144.52 1 1
github.com/Ulbora/dcIntegration/delegates/dcFileDelegate.go:144.52,146.14 2 1
github.com/Ulbora/dcIntegration/delegates/dcFileDelegate.go:148.13,148.119 1 1
github.com/Ulbora/dcIntegration/delegates/dcFileDelegate.go:148.119,149.62 1 1
github.com/Ulbora/dcIntegration/delegates/dcFileDelegate.go:149.62,151.14 2 1
github.com/Ulbora/dcIntegration/delegates/dcFileDelegate.go:155.37,158.13 2 1
github.com/Ulbora/dcIntegration/delegates/dcFileDelegate.go:159.13,161.28 2 1
github.com/Ulbora/dcIntegration/delegates/dcFileDelegate.go:164.8,164.35 1 1
github.com/Ulbora/dcIntegration/delegates/dcFileDelegate.go:170.8,170.33 1 1
github.com/Ulbora/dcIntegration/delegates/dcFileDelegate.go:161.28,163.9 1 1
github.com/Ulbora/dcIntegration/delegates/dcFileDelegate.go:164.35,167.9 2 1
github.com/Ulbora/dcIntegration/delegates/dcFileDelegate.go:167.14,169.9 1 1
github.com/Ulbora/dcIntegration/delegates/dcFileDelegate.go:182.16,183.13 1 1
github.com/Ulbora/dcIntegration/delegates/dcConfigDelegate.go:25.73,31.26 6 1
github.com/Ulbora/dcIntegration/delegates/dcConfigDelegate.go:43.2,43.13 1 1
github.com/Ulbora/dcIntegration/delegates/dcConfigDelegate.go:31.26,39.3 6 1
github.com/Ulbora/dcIntegration/delegates/dcConfigDelegate.go:46.62,49.23 2 1
github.com/Ulbora/dcIntegration/delegates/dcConfigDelegate.go:61.2,61.13 1 1
github.com/Ulbora/dcIntegration/delegates/dcConfigDelegate.go:49.23,60.3 1 1
