mode: set
github.com/Ulbora/dcIntegration/delegates/dcConfigDelegate.go:24.73,30.26 6 1
github.com/Ulbora/dcIntegration/delegates/dcConfigDelegate.go:41.2,41.13 1 1
github.com/Ulbora/dcIntegration/delegates/dcConfigDelegate.go:30.26,37.3 5 1
github.com/Ulbora/dcIntegration/delegates/dcConfigDelegate.go:44.62,47.23 2 1
github.com/Ulbora/dcIntegration/delegates/dcConfigDelegate.go:59.2,59.13 1 1
github.com/Ulbora/dcIntegration/delegates/dcConfigDelegate.go:47.23,58.3 1 1
github.com/Ulbora/dcIntegration/delegates/dcFileDelegate.go:38.71,49.31 10 1
github.com/Ulbora/dcIntegration/delegates/dcFileDelegate.go:49.31,52.36 3 1
github.com/Ulbora/dcIntegration/delegates/dcFileDelegate.go:52.36,60.4 6 1
github.com/Ulbora/dcIntegration/delegates/dcFileDelegate.go:67.72,73.34 5 1
github.com/Ulbora/dcIntegration/delegates/dcFileDelegate.go:115.2,115.13 1 1
github.com/Ulbora/dcIntegration/delegates/dcFileDelegate.go:73.34,74.13 1 1
github.com/Ulbora/dcIntegration/delegates/dcFileDelegate.go:74.13,78.4 3 1
github.com/Ulbora/dcIntegration/delegates/dcFileDelegate.go:78.9,81.30 3 1
github.com/Ulbora/dcIntegration/delegates/dcFileDelegate.go:91.4,94.29 4 1
github.com/Ulbora/dcIntegration/delegates/dcFileDelegate.go:81.30,90.5 2 1
github.com/Ulbora/dcIntegration/delegates/dcFileDelegate.go:94.29,96.25 2 1
github.com/Ulbora/dcIntegration/delegates/dcFileDelegate.go:96.25,100.6 3 1
github.com/Ulbora/dcIntegration/delegates/dcFileDelegate.go:100.10,102.6 1 1
